<?xml version="1.0" encoding="UTF-8"?>
<!-- Generated by org.testng.reporters.JUnitReportReporter -->
<testsuite hostname="kairosHW0451" failures="0" tests="3" name="com.minnwest.testcases.Mutiple_login_Cred" time="293.784" errors="0" timestamp="16 May 2023 15:20:05 GMT" skipped="0">
  <testcase classname="com.minnwest.testcases.Mutiple_login_Cred" name="Transfer_login" time="94.730"/>
  <testcase classname="com.minnwest.testcases.Mutiple_login_Cred" name="Transfer_login" time="103.791"/>
  <testcase classname="com.minnwest.testcases.Mutiple_login_Cred" name="Transfer_login" time="95.263"/>
</testsuite> <!-- com.minnwest.testcases.Mutiple_login_Cred -->
