<?xml version="1.0" encoding="UTF-8"?>
<!-- Generated by org.testng.reporters.JUnitReportReporter -->
<testsuite hostname="kairosHW0451" failures="0" tests="1" name="com.minnwest.testcases.Minnwest_Login" time="63.572" errors="0" timestamp="19 May 2023 09:05:00 GMT" skipped="0">
  <testcase classname="com.minnwest.testcases.Minnwest_Login" name="minnwest_Login" time="63.572"/>
</testsuite> <!-- com.minnwest.testcases.Minnwest_Login -->
